2025-11-24 19:27:25.842 EET [20705] LOG:  starting PostgreSQL 18.1 (Postgres.app) on aarch64-apple-darwin23.6.0, compiled by Apple clang version 15.0.0 (clang-1500.3.9.4), 64-bit
2025-11-24 19:27:25.843 EET [20705] LOG:  listening on IPv4 address "127.0.0.1", port 5432
2025-11-24 19:27:25.843 EET [20705] LOG:  listening on IPv6 address "::1", port 5432
2025-11-24 19:27:25.843 EET [20705] LOG:  listening on Unix socket "/tmp/.s.PGSQL.5432"
2025-11-24 19:27:25.845 EET [20711] LOG:  database system was shut down at 2025-11-24 19:27:25 EET
2025-11-24 19:27:25.846 EET [20705] LOG:  database system is ready to accept connections
2025-11-24 19:32:25.849 EET [20709] LOG:  checkpoint starting: time
2025-11-24 19:34:33.470 EET [20709] LOG:  checkpoint complete: wrote 1267 buffers (7.7%), wrote 3 SLRU buffers; 1 WAL file(s) added, 0 removed, 0 recycled; write=127.582 s, sync=0.019 s, total=127.621 s; sync files=494, longest=0.001 s, average=0.001 s; distance=6641 kB, estimate=6641 kB; lsn=0/1E03540, redo lsn=0/1E034B0
2025-11-24 20:20:35.294 EET [21305] ERROR:  insert or update on table "projects" violates foreign key constraint "fk_projects_client"
2025-11-24 20:20:35.294 EET [21305] DETAIL:  Key (client_id)=(1) is not present in table "users".
2025-11-24 20:20:35.294 EET [21305] CONTEXT:  SQL statement "INSERT INTO projects (
	        client_id,
	        category_id,
	        title,
	        description,
	        budget_min,
	        budget_max,
	        status,
	        is_deleted,
	        created_at,
	        created_by
	    )
	    VALUES (
	        p_client_id,
	        p_category_id,
	        p_title,
	        p_description,
	        p_budget_min,
	        p_budget_max,
	        'open',
	        FALSE,
	        NOW(),
	        p_created_by
	    )"
	PL/pgSQL function sp_create_project(integer,integer,character varying,text,numeric,numeric,integer) line 3 at SQL statement
2025-11-24 20:20:35.294 EET [21305] STATEMENT:  CALL sp_create_project(1, 1, 'Landing page for fintech startup', 'Need responsive landing page with modern design.', 500.0, 1000.0, 1)
2025-11-24 20:22:19.855 EET [20709] LOG:  checkpoint starting: time
2025-11-24 20:22:21.179 EET [20709] LOG:  checkpoint complete: wrote 13 buffers (0.1%), wrote 1 SLRU buffers; 0 WAL file(s) added, 0 removed, 0 recycled; write=1.320 s, sync=0.001 s, total=1.325 s; sync files=9, longest=0.001 s, average=0.001 s; distance=4 kB, estimate=5977 kB; lsn=0/1E04630, redo lsn=0/1E045D8
2025-11-24 20:32:19.182 EET [20709] LOG:  checkpoint starting: time
2025-11-24 20:32:30.836 EET [20709] LOG:  checkpoint complete: wrote 115 buffers (0.7%), wrote 1 SLRU buffers; 0 WAL file(s) added, 0 removed, 0 recycled; write=11.635 s, sync=0.008 s, total=11.655 s; sync files=91, longest=0.001 s, average=0.001 s; distance=212 kB, estimate=5401 kB; lsn=0/1E42720, redo lsn=0/1E39970
2025-11-24 20:53:42.560 EET [20709] LOG:  checkpoint starting: time
2025-11-24 20:53:44.997 EET [20709] LOG:  checkpoint complete: wrote 24 buffers (0.1%), wrote 1 SLRU buffers; 0 WAL file(s) added, 0 removed, 0 recycled; write=2.432 s, sync=0.003 s, total=2.438 s; sync files=18, longest=0.001 s, average=0.001 s; distance=98 kB, estimate=4870 kB; lsn=0/1E524A0, redo lsn=0/1E52448
